<?xml version="1.0" encoding="UTF-8"?>
<!-- Generated by org.testng.reporters.JUnitReportReporter -->
<testsuite hostname="IITC-WS-QA28" name="com.pomframework.verifyLoginTestCase" tests="1" failures="0" timestamp="5 Dec 2017 10:32:42 GMT" time="25.928" errors="0">
  <testcase name="mmtURL" time="25.928" classname="com.pomframework.verifyLoginTestCase"/>
</testsuite> <!-- com.pomframework.verifyLoginTestCase -->
